<?xml version="1.0" encoding="utf-8" standalone="no"?>
<test-run id="2" testcasecount="62" result="Passed" total="62" passed="62" failed="0" inconclusive="0" skipped="0" asserts="59" engine-version="3.9.0.0" clr-version="4.0.30319.42000" start-time="2019-01-03 19:44:26Z" end-time="2019-01-03 19:44:27Z" duration="1.050362">
  <command-line><![CDATA["C:\Program Files (x86)\NUnit.org\nunit-console\nunit3-console.exe"  LeapingGorilla.Testing.Tests\bin\Release\LeapingGorilla.Testing.Tests.dll]]></command-line>
  <test-suite type="Assembly" id="0-1085" name="LeapingGorilla.Testing.Tests.dll" fullname="LeapingGorilla.Testing.Tests.dll" runstate="Runnable" testcasecount="62" result="Passed" start-time="2019-01-03 19:44:26Z" end-time="2019-01-03 19:44:27Z" duration="0.477470" total="62" passed="62" failed="0" warnings="0" inconclusive="0" skipped="0" asserts="59">
    <environment framework-version="3.11.0.0" clr-version="4.0.30319.42000" os-version="Microsoft Windows NT 10.0.17134.0" platform="Win32NT" cwd="C:\Sandbox\leapinggorilla.testing" machine-name="WIN10-DEV" user="GaryH" user-domain="WIN10-DEV" culture="en-GB" uiculture="en-GB" os-architecture="x64" />
    <settings>
      <setting name="DisposeRunners" value="True" />
      <setting name="WorkDirectory" value="C:\Sandbox\leapinggorilla.testing" />
      <setting name="ImageRuntimeVersion" value="4.0.30319" />
      <setting name="ImageTargetFrameworkName" value=".NETFramework,Version=v4.5" />
      <setting name="ImageRequiresX86" value="False" />
      <setting name="ImageRequiresDefaultAppDomainAssemblyResolver" value="False" />
      <setting name="NumberOfTestWorkers" value="4" />
    </settings>
    <properties>
      <property name="_PID" value="13372" />
      <property name="_APPDOMAIN" value="domain-" />
    </properties>
    <test-suite type="TestSuite" id="0-1086" name="LeapingGorilla" fullname="LeapingGorilla" runstate="Runnable" testcasecount="62" result="Passed" start-time="2019-01-03 19:44:26Z" end-time="2019-01-03 19:44:27Z" duration="0.458760" total="62" passed="62" failed="0" warnings="0" inconclusive="0" skipped="0" asserts="59">
      <test-suite type="TestSuite" id="0-1087" name="Testing" fullname="LeapingGorilla.Testing" runstate="Runnable" testcasecount="62" result="Passed" start-time="2019-01-03 19:44:26Z" end-time="2019-01-03 19:44:27Z" duration="0.458154" total="62" passed="62" failed="0" warnings="0" inconclusive="0" skipped="0" asserts="59">
        <test-suite type="TestSuite" id="0-1088" name="Tests" fullname="LeapingGorilla.Testing.Tests" runstate="Runnable" testcasecount="62" result="Passed" start-time="2019-01-03 19:44:26Z" end-time="2019-01-03 19:44:27Z" duration="0.458145" total="62" passed="62" failed="0" warnings="0" inconclusive="0" skipped="0" asserts="59">
          <test-suite type="TestFixture" id="0-1000" name="WhenItemUnderTestHasNoPublicConstructor" fullname="LeapingGorilla.Testing.Tests.WhenItemUnderTestHasNoPublicConstructor" classname="LeapingGorilla.Testing.Tests.WhenItemUnderTestHasNoPublicConstructor" runstate="Runnable" testcasecount="2" result="Passed" start-time="2019-01-03 19:44:26Z" end-time="2019-01-03 19:44:26Z" duration="0.058140" total="2" passed="2" failed="0" warnings="0" inconclusive="0" skipped="0" asserts="2">
            <test-case id="0-1002" name="SetupExceptionShouldBeAnItemUnderTestCannotBeInterfaceStaticOrAbstract" fullname="LeapingGorilla.Testing.Tests.WhenItemUnderTestHasNoPublicConstructor.SetupExceptionShouldBeAnItemUnderTestCannotBeInterfaceStaticOrAbstract" methodname="SetupExceptionShouldBeAnItemUnderTestCannotBeInterfaceStaticOrAbstract" classname="LeapingGorilla.Testing.Tests.WhenItemUnderTestHasNoPublicConstructor" runstate="Runnable" seed="1784003348" result="Passed" start-time="2019-01-03 19:44:26Z" end-time="2019-01-03 19:44:26Z" duration="0.016279" asserts="1" />
            <test-case id="0-1001" name="SetupShouldThrowAnException" fullname="LeapingGorilla.Testing.Tests.WhenItemUnderTestHasNoPublicConstructor.SetupShouldThrowAnException" methodname="SetupShouldThrowAnException" classname="LeapingGorilla.Testing.Tests.WhenItemUnderTestHasNoPublicConstructor" runstate="Runnable" seed="844216475" result="Passed" start-time="2019-01-03 19:44:26Z" end-time="2019-01-03 19:44:26Z" duration="0.010448" asserts="1" />
          </test-suite>
          <test-suite type="TestFixture" id="0-1003" name="WhenItemUnderTestIsAbstract" fullname="LeapingGorilla.Testing.Tests.WhenItemUnderTestIsAbstract" classname="LeapingGorilla.Testing.Tests.WhenItemUnderTestIsAbstract" runstate="Runnable" testcasecount="2" result="Passed" start-time="2019-01-03 19:44:26Z" end-time="2019-01-03 19:44:26Z" duration="0.001381" total="2" passed="2" failed="0" warnings="0" inconclusive="0" skipped="0" asserts="2">
            <test-case id="0-1005" name="SetupExceptionShouldBeAnItemUnderTestCannotBeInterfaceStaticOrAbstract" fullname="LeapingGorilla.Testing.Tests.WhenItemUnderTestIsAbstract.SetupExceptionShouldBeAnItemUnderTestCannotBeInterfaceStaticOrAbstract" methodname="SetupExceptionShouldBeAnItemUnderTestCannotBeInterfaceStaticOrAbstract" classname="LeapingGorilla.Testing.Tests.WhenItemUnderTestIsAbstract" runstate="Runnable" seed="1152645824" result="Passed" start-time="2019-01-03 19:44:26Z" end-time="2019-01-03 19:44:26Z" duration="0.000257" asserts="1" />
            <test-case id="0-1004" name="SetupShouldThrowAnException" fullname="LeapingGorilla.Testing.Tests.WhenItemUnderTestIsAbstract.SetupShouldThrowAnException" methodname="SetupShouldThrowAnException" classname="LeapingGorilla.Testing.Tests.WhenItemUnderTestIsAbstract" runstate="Runnable" seed="2045998662" result="Passed" start-time="2019-01-03 19:44:26Z" end-time="2019-01-03 19:44:26Z" duration="0.000281" asserts="1" />
          </test-suite>
          <test-suite type="TestFixture" id="0-1006" name="WhenItemUnderTestIsAnInterface" fullname="LeapingGorilla.Testing.Tests.WhenItemUnderTestIsAnInterface" classname="LeapingGorilla.Testing.Tests.WhenItemUnderTestIsAnInterface" runstate="Runnable" testcasecount="2" result="Passed" start-time="2019-01-03 19:44:26Z" end-time="2019-01-03 19:44:26Z" duration="0.000842" total="2" passed="2" failed="0" warnings="0" inconclusive="0" skipped="0" asserts="2">
            <test-case id="0-1008" name="SetupExceptionShouldBeAnItemUnderTestCannotBeInterfaceStaticOrAbstract" fullname="LeapingGorilla.Testing.Tests.WhenItemUnderTestIsAnInterface.SetupExceptionShouldBeAnItemUnderTestCannotBeInterfaceStaticOrAbstract" methodname="SetupExceptionShouldBeAnItemUnderTestCannotBeInterfaceStaticOrAbstract" classname="LeapingGorilla.Testing.Tests.WhenItemUnderTestIsAnInterface" runstate="Runnable" seed="1764313876" result="Passed" start-time="2019-01-03 19:44:26Z" end-time="2019-01-03 19:44:26Z" duration="0.000223" asserts="1" />
            <test-case id="0-1007" name="SetupShouldThrowAnException" fullname="LeapingGorilla.Testing.Tests.WhenItemUnderTestIsAnInterface.SetupShouldThrowAnException" methodname="SetupShouldThrowAnException" classname="LeapingGorilla.Testing.Tests.WhenItemUnderTestIsAnInterface" runstate="Runnable" seed="2002494192" result="Passed" start-time="2019-01-03 19:44:26Z" end-time="2019-01-03 19:44:26Z" duration="0.000259" asserts="1" />
          </test-suite>
          <test-suite type="TestFixture" id="0-1009" name="WhenTestingANullDependency" fullname="LeapingGorilla.Testing.Tests.WhenTestingANullDependency" classname="LeapingGorilla.Testing.Tests.WhenTestingANullDependency" runstate="Runnable" testcasecount="1" result="Passed" start-time="2019-01-03 19:44:26Z" end-time="2019-01-03 19:44:26Z" duration="0.011620" total="1" passed="1" failed="0" warnings="0" inconclusive="0" skipped="0" asserts="1">
            <test-case id="0-1010" name="TheDependencyShouldBeNull" fullname="LeapingGorilla.Testing.Tests.WhenTestingANullDependency.TheDependencyShouldBeNull" methodname="TheDependencyShouldBeNull" classname="LeapingGorilla.Testing.Tests.WhenTestingANullDependency" runstate="Runnable" seed="1701083174" result="Passed" start-time="2019-01-03 19:44:26Z" end-time="2019-01-03 19:44:26Z" duration="0.000345" asserts="1" />
          </test-suite>
          <test-suite type="TestFixture" id="0-1011" name="WhenTestingANullDependencyForNullableValueType" fullname="LeapingGorilla.Testing.Tests.WhenTestingANullDependencyForNullableValueType" classname="LeapingGorilla.Testing.Tests.WhenTestingANullDependencyForNullableValueType" runstate="Runnable" testcasecount="3" result="Passed" start-time="2019-01-03 19:44:26Z" end-time="2019-01-03 19:44:26Z" duration="0.002586" total="3" passed="3" failed="0" warnings="0" inconclusive="0" skipped="0" asserts="3">
            <test-case id="0-1014" name="MockShouldBeCreated" fullname="LeapingGorilla.Testing.Tests.WhenTestingANullDependencyForNullableValueType.MockShouldBeCreated" methodname="MockShouldBeCreated" classname="LeapingGorilla.Testing.Tests.WhenTestingANullDependencyForNullableValueType" runstate="Runnable" seed="8082380" result="Passed" start-time="2019-01-03 19:44:26Z" end-time="2019-01-03 19:44:26Z" duration="0.000689" asserts="1" />
            <test-case id="0-1012" name="SetupShouldNotThrowAnException" fullname="LeapingGorilla.Testing.Tests.WhenTestingANullDependencyForNullableValueType.SetupShouldNotThrowAnException" methodname="SetupShouldNotThrowAnException" classname="LeapingGorilla.Testing.Tests.WhenTestingANullDependencyForNullableValueType" runstate="Runnable" seed="205985754" result="Passed" start-time="2019-01-03 19:44:26Z" end-time="2019-01-03 19:44:26Z" duration="0.000171" asserts="1" />
            <test-case id="0-1013" name="TestItemShouldBeCreated" fullname="LeapingGorilla.Testing.Tests.WhenTestingANullDependencyForNullableValueType.TestItemShouldBeCreated" methodname="TestItemShouldBeCreated" classname="LeapingGorilla.Testing.Tests.WhenTestingANullDependencyForNullableValueType" runstate="Runnable" seed="1153682109" result="Passed" start-time="2019-01-03 19:44:26Z" end-time="2019-01-03 19:44:26Z" duration="0.000332" asserts="1" />
          </test-suite>
          <test-suite type="TestFixture" id="0-1015" name="WhenTestingAttemptingToMockAnInvalidType" fullname="LeapingGorilla.Testing.Tests.WhenTestingAttemptingToMockAnInvalidType" classname="LeapingGorilla.Testing.Tests.WhenTestingAttemptingToMockAnInvalidType" runstate="Runnable" testcasecount="2" result="Passed" start-time="2019-01-03 19:44:26Z" end-time="2019-01-03 19:44:26Z" duration="0.005032" total="2" passed="2" failed="0" warnings="0" inconclusive="0" skipped="0" asserts="2">
            <test-case id="0-1017" name="SetupExceptionShouldBeAnOnlyInterfacesMayBeAutoGeneratedAsDependenciesException" fullname="LeapingGorilla.Testing.Tests.WhenTestingAttemptingToMockAnInvalidType.SetupExceptionShouldBeAnOnlyInterfacesMayBeAutoGeneratedAsDependenciesException" methodname="SetupExceptionShouldBeAnOnlyInterfacesMayBeAutoGeneratedAsDependenciesException" classname="LeapingGorilla.Testing.Tests.WhenTestingAttemptingToMockAnInvalidType" runstate="Runnable" seed="250617172" result="Passed" start-time="2019-01-03 19:44:26Z" end-time="2019-01-03 19:44:26Z" duration="0.000739" asserts="1" />
            <test-case id="0-1016" name="SetupShouldThrowAnException" fullname="LeapingGorilla.Testing.Tests.WhenTestingAttemptingToMockAnInvalidType.SetupShouldThrowAnException" methodname="SetupShouldThrowAnException" classname="LeapingGorilla.Testing.Tests.WhenTestingAttemptingToMockAnInvalidType" runstate="Runnable" seed="1163894576" result="Passed" start-time="2019-01-03 19:44:26Z" end-time="2019-01-03 19:44:26Z" duration="0.000361" asserts="1" />
          </test-suite>
          <test-suite type="TestFixture" id="0-1018" name="WhenTestingDependencyInjection" fullname="LeapingGorilla.Testing.Tests.WhenTestingDependencyInjection" classname="LeapingGorilla.Testing.Tests.WhenTestingDependencyInjection" runstate="Runnable" testcasecount="3" result="Passed" start-time="2019-01-03 19:44:26Z" end-time="2019-01-03 19:44:27Z" duration="0.301568" total="3" passed="3" failed="0" warnings="0" inconclusive="0" skipped="0" asserts="2">
            <test-case id="0-1019" name="TheFakeLoggerShouldBeCreated" fullname="LeapingGorilla.Testing.Tests.WhenTestingDependencyInjection.TheFakeLoggerShouldBeCreated" methodname="TheFakeLoggerShouldBeCreated" classname="LeapingGorilla.Testing.Tests.WhenTestingDependencyInjection" runstate="Runnable" seed="663692549" result="Passed" start-time="2019-01-03 19:44:27Z" end-time="2019-01-03 19:44:27Z" duration="0.000356" asserts="1" />
            <test-case id="0-1021" name="TheSimpleClassShouldBeCreated" fullname="LeapingGorilla.Testing.Tests.WhenTestingDependencyInjection.TheSimpleClassShouldBeCreated" methodname="TheSimpleClassShouldBeCreated" classname="LeapingGorilla.Testing.Tests.WhenTestingDependencyInjection" runstate="Runnable" seed="1113467939" result="Passed" start-time="2019-01-03 19:44:27Z" end-time="2019-01-03 19:44:27Z" duration="0.000281" asserts="1" />
            <test-case id="0-1020" name="WeShouldReceiveACallToLog" fullname="LeapingGorilla.Testing.Tests.WhenTestingDependencyInjection.WeShouldReceiveACallToLog" methodname="WeShouldReceiveACallToLog" classname="LeapingGorilla.Testing.Tests.WhenTestingDependencyInjection" runstate="Runnable" seed="970629530" result="Passed" start-time="2019-01-03 19:44:27Z" end-time="2019-01-03 19:44:27Z" duration="0.015484" asserts="0" />
          </test-suite>
          <test-suite type="TestFixture" id="0-1022" name="WhenTestingDependencyInjectionWithAField" fullname="LeapingGorilla.Testing.Tests.WhenTestingDependencyInjectionWithAField" classname="LeapingGorilla.Testing.Tests.WhenTestingDependencyInjectionWithAField" runstate="Runnable" testcasecount="3" result="Passed" start-time="2019-01-03 19:44:27Z" end-time="2019-01-03 19:44:27Z" duration="0.004434" total="3" passed="3" failed="0" warnings="0" inconclusive="0" skipped="0" asserts="2">
            <test-case id="0-1023" name="TheFakeLoggerShouldBeCreated" fullname="LeapingGorilla.Testing.Tests.WhenTestingDependencyInjectionWithAField.TheFakeLoggerShouldBeCreated" methodname="TheFakeLoggerShouldBeCreated" classname="LeapingGorilla.Testing.Tests.WhenTestingDependencyInjectionWithAField" runstate="Runnable" seed="1451248912" result="Passed" start-time="2019-01-03 19:44:27Z" end-time="2019-01-03 19:44:27Z" duration="0.000336" asserts="1" />
            <test-case id="0-1025" name="TheSimpleClassShouldBeCreated" fullname="LeapingGorilla.Testing.Tests.WhenTestingDependencyInjectionWithAField.TheSimpleClassShouldBeCreated" methodname="TheSimpleClassShouldBeCreated" classname="LeapingGorilla.Testing.Tests.WhenTestingDependencyInjectionWithAField" runstate="Runnable" seed="1471103711" result="Passed" start-time="2019-01-03 19:44:27Z" end-time="2019-01-03 19:44:27Z" duration="0.000253" asserts="1" />
            <test-case id="0-1024" name="WeShouldReceiveACallToLog" fullname="LeapingGorilla.Testing.Tests.WhenTestingDependencyInjectionWithAField.WeShouldReceiveACallToLog" methodname="WeShouldReceiveACallToLog" classname="LeapingGorilla.Testing.Tests.WhenTestingDependencyInjectionWithAField" runstate="Runnable" seed="702728847" result="Passed" start-time="2019-01-03 19:44:27Z" end-time="2019-01-03 19:44:27Z" duration="0.000188" asserts="0" />
          </test-suite>
          <test-suite type="TestFixture" id="0-1026" name="WhenTestingDependencyInjectionWithInvalidDependencies" fullname="LeapingGorilla.Testing.Tests.WhenTestingDependencyInjectionWithInvalidDependencies" classname="LeapingGorilla.Testing.Tests.WhenTestingDependencyInjectionWithInvalidDependencies" runstate="Runnable" testcasecount="2" result="Passed" start-time="2019-01-03 19:44:27Z" end-time="2019-01-03 19:44:27Z" duration="0.007754" total="2" passed="2" failed="0" warnings="0" inconclusive="0" skipped="0" asserts="2">
            <test-case id="0-1028" name="SetupExceptionShouldBeADependencyMismatchException" fullname="LeapingGorilla.Testing.Tests.WhenTestingDependencyInjectionWithInvalidDependencies.SetupExceptionShouldBeADependencyMismatchException" methodname="SetupExceptionShouldBeADependencyMismatchException" classname="LeapingGorilla.Testing.Tests.WhenTestingDependencyInjectionWithInvalidDependencies" runstate="Runnable" seed="556675343" result="Passed" start-time="2019-01-03 19:44:27Z" end-time="2019-01-03 19:44:27Z" duration="0.000773" asserts="1" />
            <test-case id="0-1027" name="SetupShouldThrowAnException" fullname="LeapingGorilla.Testing.Tests.WhenTestingDependencyInjectionWithInvalidDependencies.SetupShouldThrowAnException" methodname="SetupShouldThrowAnException" classname="LeapingGorilla.Testing.Tests.WhenTestingDependencyInjectionWithInvalidDependencies" runstate="Runnable" seed="304428452" result="Passed" start-time="2019-01-03 19:44:27Z" end-time="2019-01-03 19:44:27Z" duration="0.000428" asserts="1" />
          </test-suite>
          <test-suite type="TestFixture" id="0-1029" name="WhenTestingDependencyInjectionWithMissingDependencies" fullname="LeapingGorilla.Testing.Tests.WhenTestingDependencyInjectionWithMissingDependencies" classname="LeapingGorilla.Testing.Tests.WhenTestingDependencyInjectionWithMissingDependencies" runstate="Runnable" testcasecount="2" result="Passed" start-time="2019-01-03 19:44:27Z" end-time="2019-01-03 19:44:27Z" duration="0.001613" total="2" passed="2" failed="0" warnings="0" inconclusive="0" skipped="0" asserts="2">
            <test-case id="0-1031" name="SetupExceptionShouldBeANoMatchingConstructorFoundException" fullname="LeapingGorilla.Testing.Tests.WhenTestingDependencyInjectionWithMissingDependencies.SetupExceptionShouldBeANoMatchingConstructorFoundException" methodname="SetupExceptionShouldBeANoMatchingConstructorFoundException" classname="LeapingGorilla.Testing.Tests.WhenTestingDependencyInjectionWithMissingDependencies" runstate="Runnable" seed="925808603" result="Passed" start-time="2019-01-03 19:44:27Z" end-time="2019-01-03 19:44:27Z" duration="0.000236" asserts="1" />
            <test-case id="0-1030" name="SetupShouldThrowAnException" fullname="LeapingGorilla.Testing.Tests.WhenTestingDependencyInjectionWithMissingDependencies.SetupShouldThrowAnException" methodname="SetupShouldThrowAnException" classname="LeapingGorilla.Testing.Tests.WhenTestingDependencyInjectionWithMissingDependencies" runstate="Runnable" seed="250711515" result="Passed" start-time="2019-01-03 19:44:27Z" end-time="2019-01-03 19:44:27Z" duration="0.000299" asserts="1" />
          </test-suite>
          <test-suite type="TestFixture" id="0-1032" name="WhenTestingDependencyInjectionWithNoItemUnderTest" fullname="LeapingGorilla.Testing.Tests.WhenTestingDependencyInjectionWithNoItemUnderTest" classname="LeapingGorilla.Testing.Tests.WhenTestingDependencyInjectionWithNoItemUnderTest" runstate="Runnable" testcasecount="2" result="Passed" start-time="2019-01-03 19:44:27Z" end-time="2019-01-03 19:44:27Z" duration="0.001543" total="2" passed="2" failed="0" warnings="0" inconclusive="0" skipped="0" asserts="2">
            <test-case id="0-1034" name="SetupExceptionShouldBeANoItemUnderTestException" fullname="LeapingGorilla.Testing.Tests.WhenTestingDependencyInjectionWithNoItemUnderTest.SetupExceptionShouldBeANoItemUnderTestException" methodname="SetupExceptionShouldBeANoItemUnderTestException" classname="LeapingGorilla.Testing.Tests.WhenTestingDependencyInjectionWithNoItemUnderTest" runstate="Runnable" seed="313977552" result="Passed" start-time="2019-01-03 19:44:27Z" end-time="2019-01-03 19:44:27Z" duration="0.000219" asserts="1" />
            <test-case id="0-1033" name="SetupShouldThrowAnException" fullname="LeapingGorilla.Testing.Tests.WhenTestingDependencyInjectionWithNoItemUnderTest.SetupShouldThrowAnException" methodname="SetupShouldThrowAnException" classname="LeapingGorilla.Testing.Tests.WhenTestingDependencyInjectionWithNoItemUnderTest" runstate="Runnable" seed="449502524" result="Passed" start-time="2019-01-03 19:44:27Z" end-time="2019-01-03 19:44:27Z" duration="0.000263" asserts="1" />
          </test-suite>
          <test-suite type="TestFixture" id="0-1035" name="WhenTestingDependencyInjectionWithWrongDependencies" fullname="LeapingGorilla.Testing.Tests.WhenTestingDependencyInjectionWithWrongDependencies" classname="LeapingGorilla.Testing.Tests.WhenTestingDependencyInjectionWithWrongDependencies" runstate="Runnable" testcasecount="2" result="Passed" start-time="2019-01-03 19:44:27Z" end-time="2019-01-03 19:44:27Z" duration="0.001614" total="2" passed="2" failed="0" warnings="0" inconclusive="0" skipped="0" asserts="2">
            <test-case id="0-1037" name="SetupExceptionShouldBeANoMatchingConstructorFoundException" fullname="LeapingGorilla.Testing.Tests.WhenTestingDependencyInjectionWithWrongDependencies.SetupExceptionShouldBeANoMatchingConstructorFoundException" methodname="SetupExceptionShouldBeANoMatchingConstructorFoundException" classname="LeapingGorilla.Testing.Tests.WhenTestingDependencyInjectionWithWrongDependencies" runstate="Runnable" seed="116429014" result="Passed" start-time="2019-01-03 19:44:27Z" end-time="2019-01-03 19:44:27Z" duration="0.000212" asserts="1" />
            <test-case id="0-1036" name="SetupShouldThrowAnException" fullname="LeapingGorilla.Testing.Tests.WhenTestingDependencyInjectionWithWrongDependencies.SetupShouldThrowAnException" methodname="SetupShouldThrowAnException" classname="LeapingGorilla.Testing.Tests.WhenTestingDependencyInjectionWithWrongDependencies" runstate="Runnable" seed="1033676051" result="Passed" start-time="2019-01-03 19:44:27Z" end-time="2019-01-03 19:44:27Z" duration="0.000276" asserts="1" />
          </test-suite>
          <test-suite type="TestFixture" id="0-1038" name="WhenTestingGivenMethodsWithDifferentAccessLevels" fullname="LeapingGorilla.Testing.Tests.WhenTestingGivenMethodsWithDifferentAccessLevels" classname="LeapingGorilla.Testing.Tests.WhenTestingGivenMethodsWithDifferentAccessLevels" runstate="Runnable" testcasecount="3" result="Passed" start-time="2019-01-03 19:44:27Z" end-time="2019-01-03 19:44:27Z" duration="0.004202" total="3" passed="3" failed="0" warnings="0" inconclusive="0" skipped="0" asserts="3">
            <test-case id="0-1041" name="PrivateGivenShouldBeCalled" fullname="LeapingGorilla.Testing.Tests.WhenTestingGivenMethodsWithDifferentAccessLevels.PrivateGivenShouldBeCalled" methodname="PrivateGivenShouldBeCalled" classname="LeapingGorilla.Testing.Tests.WhenTestingGivenMethodsWithDifferentAccessLevels" runstate="Runnable" seed="520915160" result="Passed" start-time="2019-01-03 19:44:27Z" end-time="2019-01-03 19:44:27Z" duration="0.001028" asserts="1" />
            <test-case id="0-1040" name="ProtectedGivenShouldBeCalled" fullname="LeapingGorilla.Testing.Tests.WhenTestingGivenMethodsWithDifferentAccessLevels.ProtectedGivenShouldBeCalled" methodname="ProtectedGivenShouldBeCalled" classname="LeapingGorilla.Testing.Tests.WhenTestingGivenMethodsWithDifferentAccessLevels" runstate="Runnable" seed="475111050" result="Passed" start-time="2019-01-03 19:44:27Z" end-time="2019-01-03 19:44:27Z" duration="0.000168" asserts="1" />
            <test-case id="0-1039" name="PublicGivenShouldBeCalled" fullname="LeapingGorilla.Testing.Tests.WhenTestingGivenMethodsWithDifferentAccessLevels.PublicGivenShouldBeCalled" methodname="PublicGivenShouldBeCalled" classname="LeapingGorilla.Testing.Tests.WhenTestingGivenMethodsWithDifferentAccessLevels" runstate="Runnable" seed="961194476" result="Passed" start-time="2019-01-03 19:44:27Z" end-time="2019-01-03 19:44:27Z" duration="0.000164" asserts="1" />
          </test-suite>
          <test-suite type="TestFixture" id="0-1042" name="WhenTestingMocking" fullname="LeapingGorilla.Testing.Tests.WhenTestingMocking" classname="LeapingGorilla.Testing.Tests.WhenTestingMocking" runstate="Runnable" testcasecount="7" result="Passed" start-time="2019-01-03 19:44:27Z" end-time="2019-01-03 19:44:27Z" duration="0.004086" total="7" passed="7" failed="0" warnings="0" inconclusive="0" skipped="0" asserts="7">
            <test-case id="0-1049" name="ExceptionShouldNotBeRaised" fullname="LeapingGorilla.Testing.Tests.WhenTestingMocking.ExceptionShouldNotBeRaised" methodname="ExceptionShouldNotBeRaised" classname="LeapingGorilla.Testing.Tests.WhenTestingMocking" runstate="Runnable" seed="412553148" result="Passed" start-time="2019-01-03 19:44:27Z" end-time="2019-01-03 19:44:27Z" duration="0.000329" asserts="1" />
            <test-case id="0-1048" name="PrivateFieldMockShouldBeCreated" fullname="LeapingGorilla.Testing.Tests.WhenTestingMocking.PrivateFieldMockShouldBeCreated" methodname="PrivateFieldMockShouldBeCreated" classname="LeapingGorilla.Testing.Tests.WhenTestingMocking" runstate="Runnable" seed="1141291204" result="Passed" start-time="2019-01-03 19:44:27Z" end-time="2019-01-03 19:44:27Z" duration="0.000453" asserts="1" />
            <test-case id="0-1047" name="PrivatePropertyMockShouldBeCreated" fullname="LeapingGorilla.Testing.Tests.WhenTestingMocking.PrivatePropertyMockShouldBeCreated" methodname="PrivatePropertyMockShouldBeCreated" classname="LeapingGorilla.Testing.Tests.WhenTestingMocking" runstate="Runnable" seed="401654703" result="Passed" start-time="2019-01-03 19:44:27Z" end-time="2019-01-03 19:44:27Z" duration="0.000276" asserts="1" />
            <test-case id="0-1045" name="ProtectedFieldMockShouldBeCreated" fullname="LeapingGorilla.Testing.Tests.WhenTestingMocking.ProtectedFieldMockShouldBeCreated" methodname="ProtectedFieldMockShouldBeCreated" classname="LeapingGorilla.Testing.Tests.WhenTestingMocking" runstate="Runnable" seed="988834099" result="Passed" start-time="2019-01-03 19:44:27Z" end-time="2019-01-03 19:44:27Z" duration="0.000254" asserts="1" />
            <test-case id="0-1046" name="ProtectedPropertyMockShouldBeCreated" fullname="LeapingGorilla.Testing.Tests.WhenTestingMocking.ProtectedPropertyMockShouldBeCreated" methodname="ProtectedPropertyMockShouldBeCreated" classname="LeapingGorilla.Testing.Tests.WhenTestingMocking" runstate="Runnable" seed="2193188" result="Passed" start-time="2019-01-03 19:44:27Z" end-time="2019-01-03 19:44:27Z" duration="0.000310" asserts="1" />
            <test-case id="0-1043" name="PublicFieldMockShouldBeCreated" fullname="LeapingGorilla.Testing.Tests.WhenTestingMocking.PublicFieldMockShouldBeCreated" methodname="PublicFieldMockShouldBeCreated" classname="LeapingGorilla.Testing.Tests.WhenTestingMocking" runstate="Runnable" seed="1962976241" result="Passed" start-time="2019-01-03 19:44:27Z" end-time="2019-01-03 19:44:27Z" duration="0.000257" asserts="1" />
            <test-case id="0-1044" name="PublicPropertyMockShouldBeCreated" fullname="LeapingGorilla.Testing.Tests.WhenTestingMocking.PublicPropertyMockShouldBeCreated" methodname="PublicPropertyMockShouldBeCreated" classname="LeapingGorilla.Testing.Tests.WhenTestingMocking" runstate="Runnable" seed="274868323" result="Passed" start-time="2019-01-03 19:44:27Z" end-time="2019-01-03 19:44:27Z" duration="0.000275" asserts="1" />
          </test-suite>
          <test-suite type="TestFixture" id="0-1050" name="WhenTestingMultipleGivenMethods" fullname="LeapingGorilla.Testing.Tests.WhenTestingMultipleGivenMethods" classname="LeapingGorilla.Testing.Tests.WhenTestingMultipleGivenMethods" runstate="Runnable" testcasecount="4" result="Passed" start-time="2019-01-03 19:44:27Z" end-time="2019-01-03 19:44:27Z" duration="0.019423" total="4" passed="4" failed="0" warnings="0" inconclusive="0" skipped="0" asserts="4">
            <test-case id="0-1052" name="Given1ShouldBe1" fullname="LeapingGorilla.Testing.Tests.WhenTestingMultipleGivenMethods.Given1ShouldBe1" methodname="Given1ShouldBe1" classname="LeapingGorilla.Testing.Tests.WhenTestingMultipleGivenMethods" runstate="Runnable" seed="1070134846" result="Passed" start-time="2019-01-03 19:44:27Z" end-time="2019-01-03 19:44:27Z" duration="0.017125" asserts="1" />
            <test-case id="0-1053" name="Given2ShouldBe2" fullname="LeapingGorilla.Testing.Tests.WhenTestingMultipleGivenMethods.Given2ShouldBe2" methodname="Given2ShouldBe2" classname="LeapingGorilla.Testing.Tests.WhenTestingMultipleGivenMethods" runstate="Runnable" seed="736193385" result="Passed" start-time="2019-01-03 19:44:27Z" end-time="2019-01-03 19:44:27Z" duration="0.000294" asserts="1" />
            <test-case id="0-1054" name="Given3ShouldBe3" fullname="LeapingGorilla.Testing.Tests.WhenTestingMultipleGivenMethods.Given3ShouldBe3" methodname="Given3ShouldBe3" classname="LeapingGorilla.Testing.Tests.WhenTestingMultipleGivenMethods" runstate="Runnable" seed="2114490280" result="Passed" start-time="2019-01-03 19:44:27Z" end-time="2019-01-03 19:44:27Z" duration="0.000696" asserts="1" />
            <test-case id="0-1051" name="TheCounterShouldBeSetAtThree" fullname="LeapingGorilla.Testing.Tests.WhenTestingMultipleGivenMethods.TheCounterShouldBeSetAtThree" methodname="TheCounterShouldBeSetAtThree" classname="LeapingGorilla.Testing.Tests.WhenTestingMultipleGivenMethods" runstate="Runnable" seed="772054219" result="Passed" start-time="2019-01-03 19:44:27Z" end-time="2019-01-03 19:44:27Z" duration="0.000193" asserts="1" />
          </test-suite>
          <test-suite type="TestFixture" id="0-1055" name="WhenTestingMultipleGivenMethodsUsingTheAttributeConstructor" fullname="LeapingGorilla.Testing.Tests.WhenTestingMultipleGivenMethodsUsingTheAttributeConstructor" classname="LeapingGorilla.Testing.Tests.WhenTestingMultipleGivenMethodsUsingTheAttributeConstructor" runstate="Runnable" testcasecount="4" result="Passed" start-time="2019-01-03 19:44:27Z" end-time="2019-01-03 19:44:27Z" duration="0.001343" total="4" passed="4" failed="0" warnings="0" inconclusive="0" skipped="0" asserts="4">
            <test-case id="0-1057" name="Given1ShouldBe1" fullname="LeapingGorilla.Testing.Tests.WhenTestingMultipleGivenMethodsUsingTheAttributeConstructor.Given1ShouldBe1" methodname="Given1ShouldBe1" classname="LeapingGorilla.Testing.Tests.WhenTestingMultipleGivenMethodsUsingTheAttributeConstructor" runstate="Runnable" seed="414874812" result="Passed" start-time="2019-01-03 19:44:27Z" end-time="2019-01-03 19:44:27Z" duration="0.000179" asserts="1" />
            <test-case id="0-1058" name="Given2ShouldBe2" fullname="LeapingGorilla.Testing.Tests.WhenTestingMultipleGivenMethodsUsingTheAttributeConstructor.Given2ShouldBe2" methodname="Given2ShouldBe2" classname="LeapingGorilla.Testing.Tests.WhenTestingMultipleGivenMethodsUsingTheAttributeConstructor" runstate="Runnable" seed="1278229493" result="Passed" start-time="2019-01-03 19:44:27Z" end-time="2019-01-03 19:44:27Z" duration="0.000186" asserts="1" />
            <test-case id="0-1059" name="Given3ShouldBe3" fullname="LeapingGorilla.Testing.Tests.WhenTestingMultipleGivenMethodsUsingTheAttributeConstructor.Given3ShouldBe3" methodname="Given3ShouldBe3" classname="LeapingGorilla.Testing.Tests.WhenTestingMultipleGivenMethodsUsingTheAttributeConstructor" runstate="Runnable" seed="944781922" result="Passed" start-time="2019-01-03 19:44:27Z" end-time="2019-01-03 19:44:27Z" duration="0.000183" asserts="1" />
            <test-case id="0-1056" name="TheCounterShouldBeSetAtThree" fullname="LeapingGorilla.Testing.Tests.WhenTestingMultipleGivenMethodsUsingTheAttributeConstructor.TheCounterShouldBeSetAtThree" methodname="TheCounterShouldBeSetAtThree" classname="LeapingGorilla.Testing.Tests.WhenTestingMultipleGivenMethodsUsingTheAttributeConstructor" runstate="Runnable" seed="346240206" result="Passed" start-time="2019-01-03 19:44:27Z" end-time="2019-01-03 19:44:27Z" duration="0.000185" asserts="1" />
          </test-suite>
          <test-suite type="TestFixture" id="0-1060" name="WhenTestingNullDependencyInjectionOnNonNullableType" fullname="LeapingGorilla.Testing.Tests.WhenTestingNullDependencyInjectionOnNonNullableType" classname="LeapingGorilla.Testing.Tests.WhenTestingNullDependencyInjectionOnNonNullableType" runstate="Runnable" testcasecount="3" result="Passed" start-time="2019-01-03 19:44:27Z" end-time="2019-01-03 19:44:27Z" duration="0.001967" total="3" passed="3" failed="0" warnings="0" inconclusive="0" skipped="0" asserts="3">
            <test-case id="0-1062" name="MockShouldNotBeCreated" fullname="LeapingGorilla.Testing.Tests.WhenTestingNullDependencyInjectionOnNonNullableType.MockShouldNotBeCreated" methodname="MockShouldNotBeCreated" classname="LeapingGorilla.Testing.Tests.WhenTestingNullDependencyInjectionOnNonNullableType" runstate="Runnable" seed="1250162759" result="Passed" start-time="2019-01-03 19:44:27Z" end-time="2019-01-03 19:44:27Z" duration="0.000243" asserts="1" />
            <test-case id="0-1063" name="SetupExceptionShouldBeCannotMarkNonNullableTypeAsNullDependencyException" fullname="LeapingGorilla.Testing.Tests.WhenTestingNullDependencyInjectionOnNonNullableType.SetupExceptionShouldBeCannotMarkNonNullableTypeAsNullDependencyException" methodname="SetupExceptionShouldBeCannotMarkNonNullableTypeAsNullDependencyException" classname="LeapingGorilla.Testing.Tests.WhenTestingNullDependencyInjectionOnNonNullableType" runstate="Runnable" seed="672113047" result="Passed" start-time="2019-01-03 19:44:27Z" end-time="2019-01-03 19:44:27Z" duration="0.000260" asserts="1" />
            <test-case id="0-1061" name="SetupShouldThrowAnException" fullname="LeapingGorilla.Testing.Tests.WhenTestingNullDependencyInjectionOnNonNullableType.SetupShouldThrowAnException" methodname="SetupShouldThrowAnException" classname="LeapingGorilla.Testing.Tests.WhenTestingNullDependencyInjectionOnNonNullableType" runstate="Runnable" seed="1294337898" result="Passed" start-time="2019-01-03 19:44:27Z" end-time="2019-01-03 19:44:27Z" duration="0.000313" asserts="1" />
          </test-suite>
          <test-suite type="TestFixture" id="0-1064" name="WhenTestingSetupWithAGivenMethodThatHasAReturnType" fullname="LeapingGorilla.Testing.Tests.WhenTestingSetupWithAGivenMethodThatHasAReturnType" classname="LeapingGorilla.Testing.Tests.WhenTestingSetupWithAGivenMethodThatHasAReturnType" runstate="Runnable" testcasecount="2" result="Passed" start-time="2019-01-03 19:44:27Z" end-time="2019-01-03 19:44:27Z" duration="0.001074" total="2" passed="2" failed="0" warnings="0" inconclusive="0" skipped="0" asserts="2">
            <test-case id="0-1066" name="SetupExceptionShouldBeAGivenMethodsMustBeVoidException" fullname="LeapingGorilla.Testing.Tests.WhenTestingSetupWithAGivenMethodThatHasAReturnType.SetupExceptionShouldBeAGivenMethodsMustBeVoidException" methodname="SetupExceptionShouldBeAGivenMethodsMustBeVoidException" classname="LeapingGorilla.Testing.Tests.WhenTestingSetupWithAGivenMethodThatHasAReturnType" runstate="Runnable" seed="538136546" result="Passed" start-time="2019-01-03 19:44:27Z" end-time="2019-01-03 19:44:27Z" duration="0.000237" asserts="1" />
            <test-case id="0-1065" name="SetupShouldThrowAnException" fullname="LeapingGorilla.Testing.Tests.WhenTestingSetupWithAGivenMethodThatHasAReturnType.SetupShouldThrowAnException" methodname="SetupShouldThrowAnException" classname="LeapingGorilla.Testing.Tests.WhenTestingSetupWithAGivenMethodThatHasAReturnType" runstate="Runnable" seed="985351284" result="Passed" start-time="2019-01-03 19:44:27Z" end-time="2019-01-03 19:44:27Z" duration="0.000355" asserts="1" />
          </test-suite>
          <test-suite type="TestFixture" id="0-1067" name="WhenTestingSetupWithAGivenMethodWithParameters" fullname="LeapingGorilla.Testing.Tests.WhenTestingSetupWithAGivenMethodWithParameters" classname="LeapingGorilla.Testing.Tests.WhenTestingSetupWithAGivenMethodWithParameters" runstate="Runnable" testcasecount="2" result="Passed" start-time="2019-01-03 19:44:27Z" end-time="2019-01-03 19:44:27Z" duration="0.002275" total="2" passed="2" failed="0" warnings="0" inconclusive="0" skipped="0" asserts="2">
            <test-case id="0-1069" name="SetupExceptionShouldBeAGivenMethodMayNotHaveParametersException" fullname="LeapingGorilla.Testing.Tests.WhenTestingSetupWithAGivenMethodWithParameters.SetupExceptionShouldBeAGivenMethodMayNotHaveParametersException" methodname="SetupExceptionShouldBeAGivenMethodMayNotHaveParametersException" classname="LeapingGorilla.Testing.Tests.WhenTestingSetupWithAGivenMethodWithParameters" runstate="Runnable" seed="70753100" result="Passed" start-time="2019-01-03 19:44:27Z" end-time="2019-01-03 19:44:27Z" duration="0.000557" asserts="1" />
            <test-case id="0-1068" name="SetupShouldThrowAnException" fullname="LeapingGorilla.Testing.Tests.WhenTestingSetupWithAGivenMethodWithParameters.SetupShouldThrowAnException" methodname="SetupShouldThrowAnException" classname="LeapingGorilla.Testing.Tests.WhenTestingSetupWithAGivenMethodWithParameters" runstate="Runnable" seed="1257927135" result="Passed" start-time="2019-01-03 19:44:27Z" end-time="2019-01-03 19:44:27Z" duration="0.000518" asserts="1" />
          </test-suite>
          <test-suite type="TestFixture" id="0-1070" name="WhenTestingSetupWithAWhenMethodThatHasAReturnType" fullname="LeapingGorilla.Testing.Tests.WhenTestingSetupWithAWhenMethodThatHasAReturnType" classname="LeapingGorilla.Testing.Tests.WhenTestingSetupWithAWhenMethodThatHasAReturnType" runstate="Runnable" testcasecount="2" result="Passed" start-time="2019-01-03 19:44:27Z" end-time="2019-01-03 19:44:27Z" duration="0.002061" total="2" passed="2" failed="0" warnings="0" inconclusive="0" skipped="0" asserts="2">
            <test-case id="0-1072" name="SetupExceptionShouldBeAWhenMethodsMustBeVoidException" fullname="LeapingGorilla.Testing.Tests.WhenTestingSetupWithAWhenMethodThatHasAReturnType.SetupExceptionShouldBeAWhenMethodsMustBeVoidException" methodname="SetupExceptionShouldBeAWhenMethodsMustBeVoidException" classname="LeapingGorilla.Testing.Tests.WhenTestingSetupWithAWhenMethodThatHasAReturnType" runstate="Runnable" seed="133724281" result="Passed" start-time="2019-01-03 19:44:27Z" end-time="2019-01-03 19:44:27Z" duration="0.000453" asserts="1" />
            <test-case id="0-1071" name="SetupShouldThrowAnException" fullname="LeapingGorilla.Testing.Tests.WhenTestingSetupWithAWhenMethodThatHasAReturnType.SetupShouldThrowAnException" methodname="SetupShouldThrowAnException" classname="LeapingGorilla.Testing.Tests.WhenTestingSetupWithAWhenMethodThatHasAReturnType" runstate="Runnable" seed="1975068681" result="Passed" start-time="2019-01-03 19:44:27Z" end-time="2019-01-03 19:44:27Z" duration="0.000290" asserts="1" />
          </test-suite>
          <test-suite type="TestFixture" id="0-1073" name="WhenTestingSetupWithAWhenMethodWithParameters" fullname="LeapingGorilla.Testing.Tests.WhenTestingSetupWithAWhenMethodWithParameters" classname="LeapingGorilla.Testing.Tests.WhenTestingSetupWithAWhenMethodWithParameters" runstate="Runnable" testcasecount="2" result="Passed" start-time="2019-01-03 19:44:27Z" end-time="2019-01-03 19:44:27Z" duration="0.001184" total="2" passed="2" failed="0" warnings="0" inconclusive="0" skipped="0" asserts="2">
            <test-case id="0-1075" name="SetupExceptionShouldBeAWhenMethodMayNotHaveParametersException" fullname="LeapingGorilla.Testing.Tests.WhenTestingSetupWithAWhenMethodWithParameters.SetupExceptionShouldBeAWhenMethodMayNotHaveParametersException" methodname="SetupExceptionShouldBeAWhenMethodMayNotHaveParametersException" classname="LeapingGorilla.Testing.Tests.WhenTestingSetupWithAWhenMethodWithParameters" runstate="Runnable" seed="128067100" result="Passed" start-time="2019-01-03 19:44:27Z" end-time="2019-01-03 19:44:27Z" duration="0.000236" asserts="1" />
            <test-case id="0-1074" name="SetupShouldThrowAnException" fullname="LeapingGorilla.Testing.Tests.WhenTestingSetupWithAWhenMethodWithParameters.SetupShouldThrowAnException" methodname="SetupShouldThrowAnException" classname="LeapingGorilla.Testing.Tests.WhenTestingSetupWithAWhenMethodWithParameters" runstate="Runnable" seed="1402633586" result="Passed" start-time="2019-01-03 19:44:27Z" end-time="2019-01-03 19:44:27Z" duration="0.000276" asserts="1" />
          </test-suite>
          <test-suite type="TestFixture" id="0-1076" name="WhenTestingSetupWithTooManyWhenFields" fullname="LeapingGorilla.Testing.Tests.WhenTestingSetupWithTooManyWhenFields" classname="LeapingGorilla.Testing.Tests.WhenTestingSetupWithTooManyWhenFields" runstate="Runnable" testcasecount="2" result="Passed" start-time="2019-01-03 19:44:27Z" end-time="2019-01-03 19:44:27Z" duration="0.001210" total="2" passed="2" failed="0" warnings="0" inconclusive="0" skipped="0" asserts="2">
            <test-case id="0-1078" name="SetupExceptionShouldBeAWhenMethodMayOnlyAppearOnceException" fullname="LeapingGorilla.Testing.Tests.WhenTestingSetupWithTooManyWhenFields.SetupExceptionShouldBeAWhenMethodMayOnlyAppearOnceException" methodname="SetupExceptionShouldBeAWhenMethodMayOnlyAppearOnceException" classname="LeapingGorilla.Testing.Tests.WhenTestingSetupWithTooManyWhenFields" runstate="Runnable" seed="705899599" result="Passed" start-time="2019-01-03 19:44:27Z" end-time="2019-01-03 19:44:27Z" duration="0.000213" asserts="1" />
            <test-case id="0-1077" name="SetupShouldThrowAnException" fullname="LeapingGorilla.Testing.Tests.WhenTestingSetupWithTooManyWhenFields.SetupShouldThrowAnException" methodname="SetupShouldThrowAnException" classname="LeapingGorilla.Testing.Tests.WhenTestingSetupWithTooManyWhenFields" runstate="Runnable" seed="484951991" result="Passed" start-time="2019-01-03 19:44:27Z" end-time="2019-01-03 19:44:27Z" duration="0.000260" asserts="1" />
          </test-suite>
          <test-suite type="TestFixture" id="0-1079" name="WhenTestingStubbing" fullname="LeapingGorilla.Testing.Tests.WhenTestingStubbing" classname="LeapingGorilla.Testing.Tests.WhenTestingStubbing" runstate="Runnable" testcasecount="5" result="Passed" start-time="2019-01-03 19:44:27Z" end-time="2019-01-03 19:44:27Z" duration="0.013631" total="5" passed="5" failed="0" warnings="0" inconclusive="0" skipped="0" asserts="4">
            <test-case id="0-1084" name="EventRaiserShouldBeCalledTwice" fullname="LeapingGorilla.Testing.Tests.WhenTestingStubbing.EventRaiserShouldBeCalledTwice" methodname="EventRaiserShouldBeCalledTwice" classname="LeapingGorilla.Testing.Tests.WhenTestingStubbing" runstate="Runnable" seed="2137433417" result="Passed" start-time="2019-01-03 19:44:27Z" end-time="2019-01-03 19:44:27Z" duration="0.001456" asserts="0" />
            <test-case id="0-1083" name="NonSevereReturnShouldMatchResponse" fullname="LeapingGorilla.Testing.Tests.WhenTestingStubbing.NonSevereReturnShouldMatchResponse" methodname="NonSevereReturnShouldMatchResponse" classname="LeapingGorilla.Testing.Tests.WhenTestingStubbing" runstate="Runnable" seed="1953812833" result="Passed" start-time="2019-01-03 19:44:27Z" end-time="2019-01-03 19:44:27Z" duration="0.000484" asserts="1" />
            <test-case id="0-1082" name="SevereReturnShouldMatchResponse" fullname="LeapingGorilla.Testing.Tests.WhenTestingStubbing.SevereReturnShouldMatchResponse" methodname="SevereReturnShouldMatchResponse" classname="LeapingGorilla.Testing.Tests.WhenTestingStubbing" runstate="Runnable" seed="1246450333" result="Passed" start-time="2019-01-03 19:44:27Z" end-time="2019-01-03 19:44:27Z" duration="0.000174" asserts="1" />
            <test-case id="0-1081" name="WeShouldHaveANonSevereReturn" fullname="LeapingGorilla.Testing.Tests.WhenTestingStubbing.WeShouldHaveANonSevereReturn" methodname="WeShouldHaveANonSevereReturn" classname="LeapingGorilla.Testing.Tests.WhenTestingStubbing" runstate="Runnable" seed="1616627811" result="Passed" start-time="2019-01-03 19:44:27Z" end-time="2019-01-03 19:44:27Z" duration="0.000277" asserts="1" />
            <test-case id="0-1080" name="WeShouldHaveASevereReturn" fullname="LeapingGorilla.Testing.Tests.WhenTestingStubbing.WeShouldHaveASevereReturn" methodname="WeShouldHaveASevereReturn" classname="LeapingGorilla.Testing.Tests.WhenTestingStubbing" runstate="Runnable" seed="1454096520" result="Passed" start-time="2019-01-03 19:44:27Z" end-time="2019-01-03 19:44:27Z" duration="0.000272" asserts="1" />
          </test-suite>
        </test-suite>
      </test-suite>
    </test-suite>
  </test-suite>
</test-run>